<?xml version="1.0" encoding="UTF-8"?>
<!-- Generated by org.testng.reporters.JUnitReportReporter -->
<testsuite skipped="0" hostname="LAPTOP-S4EEHFLF" name="org.UnDosTres.test.HomePageTest" tests="4" failures="0" timestamp="2020-09-30T14:12:10 IST" time="34.226" errors="0">
  <testcase name="validateRecargaCelularIsShown" time="14.466" classname="org.UnDosTres.test.HomePageTest"/>
  <system-out/>
  <testcase name="validateHomePageIsGettingOpen" time="2.040" classname="org.UnDosTres.test.HomePageTest"/>
  <system-out/>
  <testcase name="validateHomePageIsGettingOpen" time="15.503" classname="org.UnDosTres.test.HomePageTest"/>
  <system-out/>
  <testcase name="validateRecargaCelularIsShown" time="2.217" classname="org.UnDosTres.test.HomePageTest"/>
  <system-out/>
</testsuite> <!-- org.UnDosTres.test.HomePageTest -->
